<?xml version="1.0" encoding="UTF-8"?>
<testsuite name="Day2Test" tests="15" skipped="0" failures="0" errors="0" timestamp="2024-12-02T13:49:20" hostname="andyweir-2.broadband" time="0.016">
  <properties/>
  <testcase name="report &quot;7 6 4 2 1&quot; should have status SAFE" classname="Day2Test" time="0.002"/>
  <testcase name="report &quot;1 2 7 8 9&quot; should have status UNSAFE" classname="Day2Test" time="0.001"/>
  <testcase name="report &quot;9 7 6 2 1&quot; should have status UNSAFE" classname="Day2Test" time="0.0"/>
  <testcase name="report &quot;1 3 2 4 5&quot; should have status UNSAFE" classname="Day2Test" time="0.0"/>
  <testcase name="report &quot;8 6 4 4 1&quot; should have status UNSAFE" classname="Day2Test" time="0.0"/>
  <testcase name="report &quot;1 3 6 7 9&quot; should have status SAFE" classname="Day2Test" time="0.001"/>
  <testcase name="It should count safe reports()" classname="Day2Test" time="0.003"/>
  <testcase name="report &quot;7 6 4 2 1&quot; should have status SAFE" classname="Day2Test" time="0.0"/>
  <testcase name="report &quot;1 2 7 8 9&quot; should have status UNSAFE" classname="Day2Test" time="0.0"/>
  <testcase name="report &quot;9 7 6 2 1&quot; should have status UNSAFE" classname="Day2Test" time="0.001"/>
  <testcase name="report &quot;1 3 2 4 5&quot; should have status SAFE" classname="Day2Test" time="0.0"/>
  <testcase name="report &quot;8 6 4 4 1&quot; should have status SAFE" classname="Day2Test" time="0.0"/>
  <testcase name="report &quot;1 3 6 7 9&quot; should have status SAFE" classname="Day2Test" time="0.001"/>
  <testcase name="It should create a report list()" classname="Day2Test" time="0.0"/>
  <testcase name="It should count safe reports with dampener()" classname="Day2Test" time="0.001"/>
  <system-out><![CDATA[]]></system-out>
  <system-err><![CDATA[]]></system-err>
</testsuite>
